GROUP,PACKAGE,CLASS,INSTRUCTION_MISSED,INSTRUCTION_COVERED,BRANCH_MISSED,BRANCH_COVERED,LINE_MISSED,LINE_COVERED,COMPLEXITY_MISSED,COMPLEXITY_COVERED,METHOD_MISSED,METHOD_COVERED
InstagramPlatform,com.sm.instagram.platform.currency,CurrencyController,60,280,9,7,7,62,8,8,0,8
InstagramPlatform,com.sm.instagram.platform.currency,CurrencyConverter,21,20,2,0,3,5,4,3,3,3
InstagramPlatform,com.sm.instagram.platform.currency,CurrencyService,98,74,3,1,30,17,5,4,3,4
InstagramPlatform,com.sm.instagram.platform.currency,CurrencyDto,0,3,0,0,0,1,0,1,0,1
InstagramPlatform,com.sm.instagram.platform.auth.controller,TestAuthController.SimulateInfluencerOAuthResponse,0,24,0,0,0,1,0,1,0,1
InstagramPlatform,com.sm.instagram.platform.auth.controller,TwoFactorStatusController,21,674,6,26,4,142,6,19,0,9
InstagramPlatform,com.sm.instagram.platform.auth.controller,TestAuthController.SyncUserFromFirestoreRequest,0,15,0,0,0,1,0,1,0,1
InstagramPlatform,com.sm.instagram.platform.auth.controller,TestAuthController,481,1258,44,60,104,280,47,21,8,8
InstagramPlatform,com.sm.instagram.platform.auth.controller,TestAuthController.MockSessionResponse,0,15,0,0,0,1,0,1,0,1
InstagramPlatform,com.sm.instagram.platform.auth.controller,TestAuthController.SimulateInfluencerOAuthRequest,0,12,0,0,0,1,0,1,0,1
InstagramPlatform,com.sm.instagram.platform.auth.controller,TestAuthController.MockSessionRequest,0,15,0,0,0,1,0,1,0,1
InstagramPlatform,com.sm.instagram.platform.auth.controller,TestAuthController.ForceFirebaseClaimsRequest,0,9,0,0,0,1,0,1,0,1
InstagramPlatform,com.sm.instagram.platform.auth.controller,TestAuthController.SyncUserFromFirestoreResponse,0,33,0,0,0,1,0,1,0,1
InstagramPlatform,com.sm.instagram.platform.storage.service,SignedUrlService,62,948,14,86,9,180,15,46,1,10
InstagramPlatform,com.sm.instagram.platform.storage.service,FirebaseStorageService,0,356,0,50,0,66,0,31,0,6
InstagramPlatform,com.sm.instagram.platform.storage.service,StorageRateLimitService.UploadType,0,21,0,0,0,4,0,1,0,1
InstagramPlatform,com.sm.instagram.platform.storage.service,UploadMetricsService,64,192,1,1,24,67,6,11,5,11
InstagramPlatform,com.sm.instagram.platform.storage.service,StorageRateLimitService.RateLimitResult,0,45,0,0,0,13,0,7,0,7
InstagramPlatform,com.sm.instagram.platform.storage.service,InMemoryStorageRateLimitService.UploadEntry,0,16,0,2,0,2,0,2,0,1
InstagramPlatform,com.sm.instagram.platform.storage.service,SignedUrlValidationService,56,612,5,45,18,156,5,29,0,9
InstagramPlatform,com.sm.instagram.platform.storage.service,FileTrackingService,8,396,5,23,3,94,5,22,0,13
InstagramPlatform,com.sm.instagram.platform.storage.service,StorageRateLimitService.RateLimitStatus,0,51,0,0,0,16,0,9,0,9
InstagramPlatform,com.sm.instagram.platform.storage.service,FileTrackingService.UserUploadStats,0,27,0,0,0,10,0,5,0,5
InstagramPlatform,com.sm.instagram.platform.storage.service,StorageRateLimitService,88,1531,19,92,18,282,19,55,0,17
InstagramPlatform,com.sm.instagram.platform.storage.service,ProfilePictureProxyService,118,83,6,30,30,21,3,20,0,5
InstagramPlatform,com.sm.instagram.platform.storage.service,InMemoryStorageRateLimitService,28,975,18,54,1,172,19,53,2,34
InstagramPlatform,com.sm.instagram.platform.common.jwt,JwtTokenProvider,6,236,2,10,3,69,2,16,0,12
InstagramPlatform,com.sm.instagram.platform.common.util.mappers,UpdaterIdConverter,0,5,0,0,0,2,0,2,0,2
InstagramPlatform,com.sm.instagram.platform.common.util.mappers,ObjectMapperUtils.ObjectMapperHolder,0,5,0,0,0,3,0,1,0,1
InstagramPlatform,com.sm.instagram.platform.common.util.mappers,ModelMapperConfig,31,45,8,4,7,12,5,6,1,4
InstagramPlatform,com.sm.instagram.platform.common.util.mappers,EnumTranslationService,0,141,1,11,0,27,1,10,0,5
InstagramPlatform,com.sm.instagram.platform.common.util.mappers,ObjectMapperUtils,9,0,2,0,3,0,2,0,1,0
InstagramPlatform,com.sm.instagram.platform.support.ticket.repositories,SupportTicketRepositoryImpl,0,11,0,0,0,4,0,4,0,4
InstagramPlatform,com.sm.instagram.platform.admin,GeoIpAdminController,92,454,13,15,21,79,11,13,1,9
InstagramPlatform,com.sm.instagram.platform.admin,AdminController,69,235,4,12,9,36,4,6,0,2
InstagramPlatform,com.sm.instagram.platform.common.logging,RequestBodyCachingFilter.CachedBodyServletInputStream,0,40,0,2,0,9,0,8,0,7
InstagramPlatform,com.sm.instagram.platform.common.logging,EarlyRequestLoggingFilter,13,668,8,44,2,132,7,31,0,12
InstagramPlatform,com.sm.instagram.platform.common.logging,LoggingConfiguration,0,3,0,0,0,1,0,1,0,1
InstagramPlatform,com.sm.instagram.platform.common.logging,RequestBodyCachingFilter.CachedBodyHttpServletRequest,17,87,0,0,4,18,0,5,0,5
InstagramPlatform,com.sm.instagram.platform.common.logging,RequestLoggingFilter,265,667,60,42,55,131,42,29,5,15
InstagramPlatform,com.sm.instagram.platform.common.logging,CorsLoggingFilter,26,1072,20,112,9,175,18,65,0,17
InstagramPlatform,com.sm.instagram.platform.common.logging,RequestBodyCachingFilter,0,88,1,15,0,20,1,13,0,6
InstagramPlatform,com.sm.instagram.platform.common.logging,FilterRegistrationConfiguration,0,28,0,0,0,7,0,2,0,2
InstagramPlatform,com.sm.instagram.platform.common.logging,CustomErrorController,0,712,3,54,0,128,3,46,0,13
InstagramPlatform,com.sm.instagram.platform.common.logging,RequestCorrelationFilter,0,100,3,13,0,26,3,11,0,6
InstagramPlatform,com.sm.instagram.platform.common.exceptions.handlers,ValidationExceptionHandler.new BaseExceptionHandler() {...},0,4,0,0,0,1,0,1,0,1
InstagramPlatform,com.sm.instagram.platform.common.exceptions.handlers,BusinessExceptionHandler.new BaseExceptionHandler() {...},0,4,0,0,0,1,0,1,0,1
InstagramPlatform,com.sm.instagram.platform.common.exceptions.handlers,StorageExceptionHandler,113,8,6,0,16,3,5,2,2,2
InstagramPlatform,com.sm.instagram.platform.common.exceptions.handlers,BusinessExceptionHandler,537,208,15,3,116,43,18,6,9,6
InstagramPlatform,com.sm.instagram.platform.common.exceptions.handlers,NetworkExceptionHandler,2,382,7,41,1,79,7,24,0,7
InstagramPlatform,com.sm.instagram.platform.common.exceptions.handlers,RateLimitExceptionHandler.new BaseExceptionHandler() {...},0,4,0,0,0,1,0,1,0,1
InstagramPlatform,com.sm.instagram.platform.common.exceptions.handlers,RateLimitExceptionHandler,0,55,0,0,0,12,0,3,0,3
InstagramPlatform,com.sm.instagram.platform.common.exceptions.handlers,AuthenticationExceptionHandler.new BaseExceptionHandler() {...},0,4,0,0,0,1,0,1,0,1
InstagramPlatform,com.sm.instagram.platform.common.exceptions.handlers,ValidationExceptionHandler,193,360,15,7,43,78,12,11,2,10
InstagramPlatform,com.sm.instagram.platform.common.exceptions.handlers,BaseExceptionHandler.ErrorResponse,20,50,0,0,10,20,5,11,5,11
InstagramPlatform,com.sm.instagram.platform.common.exceptions.handlers,BaseExceptionHandler,115,241,16,22,26,55,13,19,1,12
InstagramPlatform,com.sm.instagram.platform.common.exceptions.handlers,AuthenticationExceptionHandler,179,154,15,5,55,34,15,5,2,4
InstagramPlatform,com.sm.instagram.platform.platform,PlatformController,43,199,8,8,5,39,8,6,0,6
InstagramPlatform,com.sm.instagram.platform.platform,PlatformService,18,53,1,1,3,15,2,4,1,4
InstagramPlatform,com.sm.instagram.platform.platform,PlatformDto,0,3,0,0,0,1,0,1,0,1
InstagramPlatform,com.sm.instagram.platform.platform,PlatformConverter,38,59,4,4,5,16,6,7,3,6
InstagramPlatform,com.sm.instagram.platform.auth.social,SocialPlatformFactory,44,0,4,0,10,0,4,0,2,0
InstagramPlatform,com.sm.instagram.platform.storage.model,FileUploadResponse.RateLimitInfo,0,27,0,0,0,10,0,5,0,5
InstagramPlatform,com.sm.instagram.platform.storage.model,FileUploadResponse.UploadInstructions,0,51,0,0,0,12,0,6,0,6
InstagramPlatform,com.sm.instagram.platform.storage.model,FileUploadRequest,25,45,5,0,6,19,5,13,1,13
InstagramPlatform,com.sm.instagram.platform.storage.model,FileUploadResponse,0,56,0,0,0,22,0,12,0,12
InstagramPlatform,com.sm.instagram.platform.storage.model,FileOperationResponse,0,20,0,0,0,11,0,2,0,2
InstagramPlatform,com.sm.instagram.platform.auth,AuthService,315,1992,35,143,89,435,34,72,0,17
InstagramPlatform,com.sm.instagram.platform.auth,AuthController,503,124,94,10,110,34,60,4,8,4
InstagramPlatform,com.sm.instagram.platform.auth,FirebaseAuthProxyController,471,926,72,100,91,191,51,48,0,13
InstagramPlatform,com.sm.instagram.platform.common.metadata,EnrichableEnum,0,8,0,0,0,3,0,3,0,3
InstagramPlatform,com.sm.instagram.platform.common.metadata,EnumMetadataController,0,444,0,4,0,124,0,14,0,12
InstagramPlatform,com.sm.instagram.platform.support.ticket.services,TicketReferenceService,0,45,0,0,0,9,0,3,0,3
InstagramPlatform,com.sm.instagram.platform.support.ticket.services,SupportTicketService,311,900,29,51,62,204,30,42,10,22
InstagramPlatform,com.sm.instagram.platform.support.faq,FaqCategoryController,52,124,2,2,13,32,5,7,3,7
InstagramPlatform,com.sm.instagram.platform.support.faq,FaqController,37,114,2,2,9,31,5,9,3,9
InstagramPlatform,com.sm.instagram.platform.controller,HealthController,48,60,12,4,11,14,9,3,1,3
InstagramPlatform,com.sm.instagram.platform.common.util.filtering,Copy,7,29,0,2,2,10,0,4,0,3
InstagramPlatform,com.sm.instagram.platform.common.util.filtering,SpecificationBuilder,177,541,36,52,44,112,27,45,4,24
InstagramPlatform,com.sm.instagram.platform.common.util,RequestContextUtils,142,714,27,67,35,131,21,46,0,20
InstagramPlatform,com.sm.instagram.platform.common.util,PiiMaskingUtils,0,87,1,17,0,22,1,11,0,3
InstagramPlatform,com.sm.instagram.platform.common.util,RepositoryResolver,7,198,1,1,1,36,1,2,0,2
InstagramPlatform,com.sm.instagram.platform.common.util,SessionValidationUtils,0,41,0,14,0,12,0,11,0,4
InstagramPlatform,com.sm.instagram.platform.common.util,GeoDistanceCalculator,7,64,0,2,2,9,1,3,1,2
InstagramPlatform,com.sm.instagram.platform.common.util,HtmlEncoder,0,32,0,4,0,12,0,4,0,2
InstagramPlatform,com.sm.instagram.platform.common.util,SecurityResponseUtils,36,132,6,6,5,33,4,9,0,7
InstagramPlatform,com.sm.instagram.platform.userpreferences,UserPreferencesService,143,750,12,57,29,164,21,49,12,19
InstagramPlatform,com.sm.instagram.platform.userpreferences,UserPreferencesDtoOut,0,3,0,0,0,1,0,1,0,1
InstagramPlatform,com.sm.instagram.platform.userpreferences,UserPreferencesController,3,191,0,0,1,51,1,7,1,7
InstagramPlatform,com.sm.instagram.platform.userpreferences,UserPreferences.CommunicationFrequency,0,27,0,0,0,2,0,1,0,1
InstagramPlatform,com.sm.instagram.platform.userpreferences,UserPreferencesDtoIn,0,3,0,0,0,1,0,1,0,1
InstagramPlatform,com.sm.instagram.platform.userpreferences,UserPreferencesMapping,8,75,2,2,2,24,2,7,0,7
InstagramPlatform,com.sm.instagram.platform.common.credentials,GoogleCredentialsProvider,92,624,17,92,28,160,14,58,0,17
InstagramPlatform,com.sm.instagram.platform.auth.filter,HmacUtils,26,56,0,8,7,14,1,8,1,4
InstagramPlatform,com.sm.instagram.platform.auth.social.instagram,InstagramService,648,996,62,106,124,207,56,63,15,19
InstagramPlatform,com.sm.instagram.platform.auth.social.instagram,InstagramStartupValidator,377,970,58,65,96,238,53,46,6,30
InstagramPlatform,com.sm.instagram.platform.auth.social.instagram,InstagramStartupValidator.ValidationResult.ValidationLevel,0,21,0,0,0,2,0,1,0,1
InstagramPlatform,com.sm.instagram.platform.auth.social.instagram,InstagramConfig,119,342,26,38,32,86,21,23,0,12
InstagramPlatform,com.sm.instagram.platform.auth.social.instagram,InstagramStartupValidator.ValidationResult,0,33,0,0,0,4,0,4,0,4
InstagramPlatform,com.sm.instagram.platform.auth.social.instagram,InstagramService.new ParameterizedTypeReference() {...},0,3,0,0,0,1,0,1,0,1
InstagramPlatform,com.sm.instagram.platform.auth.social.instagram,InstagramService.new ParameterizedTypeReference() {...},0,3,0,0,0,1,0,1,0,1
InstagramPlatform,com.sm.instagram.platform.auth.social.instagram,InstagramService.new ParameterizedTypeReference() {...},3,0,0,0,1,0,1,0,1,0
InstagramPlatform,com.sm.instagram.platform.auth.social.instagram,InstagramService.new ParameterizedTypeReference() {...},0,3,0,0,0,1,0,1,0,1
InstagramPlatform,com.sm.instagram.platform.auth.social.instagram,InstagramConfig.new ParameterizedTypeReference() {...},0,3,0,0,0,1,0,1,0,1
InstagramPlatform,com.sm.instagram.platform.support.ticket.models,SupportTicket,0,30,0,4,0,7,0,5,0,3
InstagramPlatform,com.sm.instagram.platform.support.ticket.models,TicketCreationResponse,9,0,0,0,4,0,1,0,1,0
InstagramPlatform,com.sm.instagram.platform.support.ticket.models,TicketCategory,8,78,0,9,1,20,1,10,1,2
InstagramPlatform,com.sm.instagram.platform.support.ticket.models,TicketStatusResponse,0,9,0,0,0,4,0,1,0,1
InstagramPlatform,com.sm.instagram.platform.support.ticket.models,TicketStatus,8,103,0,34,1,18,1,23,1,3
InstagramPlatform,com.sm.instagram.platform.support.ticket.models,TicketResponse,0,9,0,0,0,3,0,1,0,1
InstagramPlatform,com.sm.instagram.platform.support.help.repositories,HelpArticleRepositoryImpl,9,3,0,0,3,1,3,1,3,1
InstagramPlatform,com.sm.instagram.platform.auth.validator,TotpValidationService,0,282,1,19,0,80,1,14,0,5
InstagramPlatform,com.sm.instagram.platform.auth.validator,RecaptchaStartupValidator.ValidationResult,0,39,0,0,0,9,0,4,0,4
InstagramPlatform,com.sm.instagram.platform.auth.validator,TotpQRCodeStartupValidator,151,698,29,77,39,159,26,38,0,11
InstagramPlatform,com.sm.instagram.platform.auth.validator,TotpQRCodeStartupValidator.ValidationResult,0,39,0,0,0,9,0,4,0,4
InstagramPlatform,com.sm.instagram.platform.auth.validator,RecaptchaStartupValidator,122,598,33,63,27,135,23,36,0,11
InstagramPlatform,com.sm.instagram.platform.storage.entity,FileUpload.UploadStatus,0,33,0,0,0,6,0,1,0,1
InstagramPlatform,com.sm.instagram.platform.storage.entity,FileUpload,21,132,2,2,8,54,7,27,5,27
InstagramPlatform,com.sm.instagram.platform.health,NoOpRedisHealthIndicator,19,0,0,0,7,0,3,0,3,0
InstagramPlatform,com.sm.instagram.platform.appliedopportunities,AppliedOpportunityService.new TypeToken() {...},0,3,0,0,0,1,0,1,0,1
InstagramPlatform,com.sm.instagram.platform.appliedopportunities,AppliedOpportunityService.new TypeToken() {...},0,3,0,0,0,1,0,1,0,1
InstagramPlatform,com.sm.instagram.platform.appliedopportunities,AppliedOpportunity,0,18,0,0,0,6,0,2,0,2
InstagramPlatform,com.sm.instagram.platform.appliedopportunities,AppliedOpportunityContentSimpleDtoOut,0,3,0,0,0,1,0,1,0,1
InstagramPlatform,com.sm.instagram.platform.appliedopportunities,AppliedOpportunityRepositoryImpl,0,12,0,0,0,4,0,4,0,4
InstagramPlatform,com.sm.instagram.platform.appliedopportunities,AppliedOpportunityContentService,166,1060,9,65,34,213,12,60,5,30
InstagramPlatform,com.sm.instagram.platform.appliedopportunities,PaymentContactDto,0,15,0,0,0,1,0,1,0,1
InstagramPlatform,com.sm.instagram.platform.appliedopportunities,ContentApprovalStatus,0,52,0,0,0,11,0,4,0,4
InstagramPlatform,com.sm.instagram.platform.appliedopportunities,AppliedOpportunityContentDtoIn,0,3,0,0,0,1,0,1,0,1
InstagramPlatform,com.sm.instagram.platform.appliedopportunities,AppliedOpportunityContentSpecificationBuilder,0,3,0,0,0,1,0,1,0,1
InstagramPlatform,com.sm.instagram.platform.appliedopportunities,AppliedOpportunityConverter,0,56,0,8,0,17,0,9,0,5
InstagramPlatform,com.sm.instagram.platform.appliedopportunities,AppliedOpportunityService,597,2760,124,229,94,576,125,120,20,48
InstagramPlatform,com.sm.instagram.platform.appliedopportunities,RateStatus,14,85,0,0,3,18,1,8,1,8
InstagramPlatform,com.sm.instagram.platform.appliedopportunities,AppliedOpportunityDtoIn,0,3,0,0,0,1,0,1,0,1
InstagramPlatform,com.sm.instagram.platform.appliedopportunities,AppliedOpportunityStatusHistoryService,0,599,0,22,0,99,0,25,0,14
InstagramPlatform,com.sm.instagram.platform.appliedopportunities,AppliedOpportunityDtoOut,0,3,0,0,0,1,0,1,0,1
InstagramPlatform,com.sm.instagram.platform.appliedopportunities,AppliedOpportunitySimpleDtoOut,0,3,0,0,0,1,0,1,0,1
InstagramPlatform,com.sm.instagram.platform.appliedopportunities,AppliedOpportunityService.FollowerValidationResult,0,26,0,0,0,7,0,3,0,3
InstagramPlatform,com.sm.instagram.platform.appliedopportunities,AppliedOpportunityContentDtoOut,0,3,0,0,0,1,0,1,0,1
InstagramPlatform,com.sm.instagram.platform.appliedopportunities,AppliedOpportunityContentMapping,0,240,0,16,0,64,0,13,0,5
InstagramPlatform,com.sm.instagram.platform.appliedopportunities,AppliedOpportunityController,30,1049,4,18,11,216,4,26,1,18
InstagramPlatform,com.sm.instagram.platform.appliedopportunities,AppliedOpportunitySpecification,0,232,1,23,0,41,1,13,0,2
InstagramPlatform,com.sm.instagram.platform.appliedopportunities,AppliedOpportunityStatusHistory,0,45,0,0,0,17,0,2,0,2
InstagramPlatform,com.sm.instagram.platform.appliedopportunities,OpportunityStatus,0,380,0,80,0,56,0,61,0,14
InstagramPlatform,com.sm.instagram.platform.appliedopportunities,AppliedOpportunityContentController,0,345,0,6,0,77,0,16,0,13
InstagramPlatform,com.sm.instagram.platform.appliedopportunities,AppliedOpportunityStatusHistoryDtoOut,0,69,0,4,0,16,0,3,0,1
InstagramPlatform,com.sm.instagram.platform.appliedopportunities,AppliedOpportunityMapping,0,110,0,0,0,34,0,5,0,5
InstagramPlatform,com.sm.instagram.platform.support.common,EmailService,211,23,7,1,35,7,7,3,3,3
InstagramPlatform,com.sm.instagram.platform.partnershipopportunities,PartnershipOpportunityMapping,0,220,0,6,0,56,0,10,0,7
InstagramPlatform,com.sm.instagram.platform.partnershipopportunities,PartnershipOpportunityRepositoryImpl,9,3,0,0,3,1,3,1,3,1
InstagramPlatform,com.sm.instagram.platform.partnershipopportunities,PartnershipOpportunity,0,64,0,16,0,10,0,12,0,4
InstagramPlatform,com.sm.instagram.platform.partnershipopportunities,CompensationType,0,78,0,0,0,17,0,6,0,6
InstagramPlatform,com.sm.instagram.platform.partnershipopportunities,PartnershipOpportunitySimpleDtoOut,0,13,0,0,0,3,0,1,0,1
InstagramPlatform,com.sm.instagram.platform.partnershipopportunities,PartnershipOpportunityPhotoDtoIn,0,3,0,0,0,1,0,1,0,1
InstagramPlatform,com.sm.instagram.platform.partnershipopportunities,PartnershipOpportunityDtoOut,0,13,0,0,0,3,0,1,0,1
InstagramPlatform,com.sm.instagram.platform.partnershipopportunities,PartnershipOpportunityService,1026,1881,159,187,228,429,134,93,13,41
InstagramPlatform,com.sm.instagram.platform.partnershipopportunities,PartnershipOpportunityPhotoDtoOut,0,3,0,0,0,1,0,1,0,1
InstagramPlatform,com.sm.instagram.platform.partnershipopportunities,PartnershipOpportunityPhoto,0,4,0,0,0,2,0,1,0,1
InstagramPlatform,com.sm.instagram.platform.partnershipopportunities,PartnershipOpportunityController,21,393,7,11,6,90,8,15,1,13
InstagramPlatform,com.sm.instagram.platform.partnershipopportunities,PartnershipOpportunityConverter,0,53,0,4,0,12,0,8,0,6
InstagramPlatform,com.sm.instagram.platform.partnershipopportunities,PartnershipOpportunityDtoIn,0,8,0,0,0,2,0,1,0,1
InstagramPlatform,com.sm.instagram.platform.auth.dto,RecaptchaResponse,0,31,0,0,0,13,0,9,0,9
InstagramPlatform,com.sm.instagram.platform.auth.dto,RecaptchaResponse.RiskAnalysis,0,17,0,0,0,7,0,5,0,5
InstagramPlatform,com.sm.instagram.platform.auth.dto,ExchangeTokenRequest,0,12,0,2,0,1,0,2,0,1
InstagramPlatform,com.sm.instagram.platform.auth.dto,TokenExchangeResponse,0,20,0,0,0,11,0,2,0,2
InstagramPlatform,com.sm.instagram.platform.auth.dto,RegisterUserRequest,0,82,3,31,0,12,3,17,0,3
InstagramPlatform,com.sm.instagram.platform.auth.dto,RegistrationResponse,0,10,0,0,0,5,0,2,0,2
InstagramPlatform,com.sm.instagram.platform.auth.dto,AssessmentResult,0,87,0,0,0,16,0,10,0,10
InstagramPlatform,com.sm.instagram.platform.auth.dto,AuthOperationResponse,0,23,0,0,0,13,0,3,0,3
InstagramPlatform,com.sm.instagram.platform.auth.dto,FirebaseAuthResponse,0,26,0,6,0,9,0,5,0,2
InstagramPlatform,com.sm.instagram.platform.auth.dto,RecaptchaResponse.TokenProperties,0,38,0,0,0,16,0,11,0,11
InstagramPlatform,com.sm.instagram.platform.auth.dto,RecaptchaRequest,0,10,0,0,0,5,0,3,0,3
InstagramPlatform,com.sm.instagram.platform.user,CompanyPublicProfileDto,0,3,0,0,0,1,0,1,0,1
InstagramPlatform,com.sm.instagram.platform.user,PublicProfileMapping,0,79,0,0,0,20,0,7,0,7
InstagramPlatform,com.sm.instagram.platform.user,UserMapping,0,53,0,0,0,14,0,4,0,4
InstagramPlatform,com.sm.instagram.platform.user,InfluencerPublicProfileDto,0,3,0,0,0,1,0,1,0,1
InstagramPlatform,com.sm.instagram.platform.user,AccountStatus,0,212,0,46,0,28,0,35,0,10
InstagramPlatform,com.sm.instagram.platform.user,UserDtoIn,0,3,0,0,0,1,0,1,0,1
InstagramPlatform,com.sm.instagram.platform.user,User,0,18,0,0,0,4,0,2,0,2
InstagramPlatform,com.sm.instagram.platform.user,UserType,0,41,0,0,0,8,0,2,0,2
InstagramPlatform,com.sm.instagram.platform.user,UserAccountOrchestrator,105,515,7,29,25,127,7,30,0,17
InstagramPlatform,com.sm.instagram.platform.user,UserConverter,13,28,2,0,3,5,3,4,2,4
InstagramPlatform,com.sm.instagram.platform.user,InfluencerForCompanyProfileDto,0,3,0,0,0,1,0,1,0,1
InstagramPlatform,com.sm.instagram.platform.user,UserController,29,918,7,26,6,207,6,34,1,22
InstagramPlatform,com.sm.instagram.platform.user,UserDtoOut,0,3,0,0,0,1,0,1,0,1
InstagramPlatform,com.sm.instagram.platform.user,UserService,1068,2359,140,217,194,499,117,137,12,55
InstagramPlatform,com.sm.instagram.platform.user,UserService.ProfileCompletenessResult,0,15,0,0,0,6,0,3,0,3
InstagramPlatform,com.sm.instagram.platform.user,ProfileFieldCriticality,0,46,0,2,0,11,0,6,0,5
InstagramPlatform,com.sm.instagram.platform.user,DefaultNoteService,0,59,0,2,0,14,0,3,0,2
InstagramPlatform,com.sm.instagram.platform.user,UserRepositoryImpl,2,9,0,0,1,3,1,3,1,3
InstagramPlatform,com.sm.instagram.platform.user,UserService.new TypeReference() {...},0,3,0,0,0,1,0,1,0,1
InstagramPlatform,com.sm.instagram.platform.user,UserService.new TypeReference() {...},0,3,0,0,0,1,0,1,0,1
InstagramPlatform,com.sm.instagram.platform.user,UserService.new TypeReference() {...},3,0,0,0,1,0,1,0,1,0
InstagramPlatform,com.sm.instagram.platform.common.validation,FutureOrPresentDateValidator,0,21,0,4,0,7,0,5,0,3
InstagramPlatform,com.sm.instagram.platform.common.translation,AppLanguageFilter,26,44,6,1,5,14,4,5,0,5
InstagramPlatform,com.sm.instagram.platform.common.translation,TranslationService,0,342,0,22,0,75,0,30,0,19
InstagramPlatform,com.sm.instagram.platform.consent,UserConsent,0,4,0,0,0,2,0,1,0,1
InstagramPlatform,com.sm.instagram.platform.consent,ConsentDefinitionDtoIn,0,7,0,0,0,2,0,1,0,1
InstagramPlatform,com.sm.instagram.platform.consent,ConsentVersion,0,4,0,0,0,2,0,1,0,1
InstagramPlatform,com.sm.instagram.platform.consent,UserConsentDtoOut,0,3,0,0,0,1,0,1,0,1
InstagramPlatform,com.sm.instagram.platform.consent,UserCurrentConsentDtoOut,0,3,0,0,0,1,0,1,0,1
InstagramPlatform,com.sm.instagram.platform.consent,ConsentVersionDtoIn,0,3,0,0,0,1,0,1,0,1
InstagramPlatform,com.sm.instagram.platform.consent,ConsentVersionDtoOut,0,3,0,0,0,1,0,1,0,1
InstagramPlatform,com.sm.instagram.platform.consent,ConsentDefinitionDtoOut,0,3,0,0,0,1,0,1,0,1
InstagramPlatform,com.sm.instagram.platform.consent,ConsentService,157,1028,25,51,27,259,30,41,7,26
InstagramPlatform,com.sm.instagram.platform.consent,ConsentAction,0,97,0,6,0,15,0,11,0,8
InstagramPlatform,com.sm.instagram.platform.consent,ConsentAdminController,0,235,1,15,0,42,1,15,0,8
InstagramPlatform,com.sm.instagram.platform.consent,ConsentDefinition,0,4,0,0,0,2,0,1,0,1
InstagramPlatform,com.sm.instagram.platform.consent,UserConsentDtoIn,0,6,0,0,0,2,0,1,0,1
InstagramPlatform,com.sm.instagram.platform.consent,ConsentController,0,193,0,18,0,37,0,16,0,7
InstagramPlatform,com.sm.instagram.platform.auth.exceptions,UserRegistrationException,76,0,0,0,28,0,8,0,8,0
InstagramPlatform,com.sm.instagram.platform.auth.exceptions,SocialConnectionException,58,0,0,0,22,0,7,0,7,0
InstagramPlatform,com.sm.instagram.platform.auth.exceptions,TwoFactorAuthException,4,5,0,0,2,2,1,1,1,1
InstagramPlatform,com.sm.instagram.platform.auth.exceptions,UserRegistrationException.RegistrationFailureReason,39,0,0,0,7,0,1,0,1,0
InstagramPlatform,com.sm.instagram.platform.auth.exceptions,AuthException,4,0,0,0,2,0,1,0,1,0
InstagramPlatform,com.sm.instagram.platform.util,ServiceAccountKeyValidator,0,106,0,8,0,17,0,6,0,2
InstagramPlatform,com.sm.instagram.platform.common.repository,AbstractMultiBagFetchRepositoryImpl,24,251,5,15,5,51,6,14,1,9
InstagramPlatform,com.sm.instagram.platform.auth.firebase,TotpFirestoreService,4,760,4,44,1,187,4,32,0,12
InstagramPlatform,com.sm.instagram.platform.auth.firebase,FirebaseService,5,855,3,27,1,171,3,24,0,12
InstagramPlatform,com.sm.instagram.platform.auth.firebase,FirestoreService,158,655,9,67,30,141,9,37,0,8
InstagramPlatform,com.sm.instagram.platform.common.ratelimit,RateLimitCleanupTask,0,22,0,2,0,8,0,3,0,2
InstagramPlatform,com.sm.instagram.platform.common.ratelimit,RateLimitProfile,0,126,0,0,0,19,0,4,0,4
InstagramPlatform,com.sm.instagram.platform.common.ratelimit,RedisRateLimiterService.InMemoryWindow,75,0,8,0,15,0,10,0,6,0
InstagramPlatform,com.sm.instagram.platform.common.ratelimit,RateLimitProperties.AlgorithmType,0,15,0,0,0,3,0,1,0,1
InstagramPlatform,com.sm.instagram.platform.common.ratelimit,SecureRateLimitStorage.RateLimitStatus,0,24,0,0,0,2,0,2,0,2
InstagramPlatform,com.sm.instagram.platform.common.ratelimit,RateLimitPrivacyController,100,9,0,0,20,2,3,2,3,2
InstagramPlatform,com.sm.instagram.platform.common.ratelimit,FirebaseRateLimitConfiguration.FirebaseEndpointConfig,3,12,0,0,1,5,1,1,1,1
InstagramPlatform,com.sm.instagram.platform.common.ratelimit,RateLimitKeyType,0,45,0,0,0,8,0,1,0,1
InstagramPlatform,com.sm.instagram.platform.common.ratelimit,RedisRateLimiterService,228,291,24,18,55,75,21,15,4,11
InstagramPlatform,com.sm.instagram.platform.common.ratelimit,RateLimitMetricsService,83,0,4,0,23,0,7,0,5,0
InstagramPlatform,com.sm.instagram.platform.common.ratelimit,GdprCompliantRateLimiterService,50,541,15,55,11,116,16,37,2,16
InstagramPlatform,com.sm.instagram.platform.common.ratelimit,FirebaseRateLimitConfiguration,0,66,0,0,0,8,0,1,0,1
InstagramPlatform,com.sm.instagram.platform.common.ratelimit,SecureRateLimitStorage,0,52,0,2,0,14,0,6,0,5
InstagramPlatform,com.sm.instagram.platform.common.ratelimit,RateLimitProperties.Profiles,0,75,0,0,0,10,0,1,0,1
InstagramPlatform,com.sm.instagram.platform.common.ratelimit,RateLimitProperties.Upload,0,18,0,0,0,6,0,1,0,1
InstagramPlatform,com.sm.instagram.platform.common.ratelimit,RateLimiterService.RequestInfo,0,9,0,0,0,4,0,1,0,1
InstagramPlatform,com.sm.instagram.platform.common.ratelimit,RateLimitProperties.GracePeriod,0,12,0,0,0,4,0,1,0,1
InstagramPlatform,com.sm.instagram.platform.common.ratelimit,RateLimitInterceptor,149,1124,51,148,39,224,49,87,0,26
InstagramPlatform,com.sm.instagram.platform.common.ratelimit,RateLimitProperties.RedisConfig,0,12,0,0,0,4,0,1,0,1
InstagramPlatform,com.sm.instagram.platform.common.ratelimit,InMemoryRateLimiterService,9,231,7,27,1,43,7,16,0,6
InstagramPlatform,com.sm.instagram.platform.common.ratelimit,GdprCompliantRateLimiterService.RateLimitAuditEvent,23,24,0,0,6,8,1,1,1,1
InstagramPlatform,com.sm.instagram.platform.common.ratelimit,RateLimiterService.RateLimitResult,0,27,0,0,0,10,0,5,0,5
InstagramPlatform,com.sm.instagram.platform.common.ratelimit,GdprRateLimitProperties,0,15,0,0,0,5,0,1,0,1
InstagramPlatform,com.sm.instagram.platform.common.ratelimit,RateLimitProperties,0,45,0,0,0,11,0,1,0,1
InstagramPlatform,com.sm.instagram.platform.common.ratelimit,RateLimitProperties.DefaultLimits,0,21,0,0,0,7,0,1,0,1
InstagramPlatform,com.sm.instagram.platform.common.ratelimit,RateLimiterService,17,160,4,8,2,26,4,10,0,8
InstagramPlatform,com.sm.instagram.platform.common.ratelimit,RateLimitProperties.EndpointLimit,12,0,0,0,4,0,1,0,1,0
InstagramPlatform,com.sm.instagram.platform.support.faq.models,FaqCategory,0,9,0,0,0,3,0,1,0,1
InstagramPlatform,com.sm.instagram.platform.city,CityConverter,0,56,0,6,0,10,0,9,0,6
InstagramPlatform,com.sm.instagram.platform.city,CityDto,0,6,0,0,0,2,0,1,0,1
InstagramPlatform,com.sm.instagram.platform.city,CityController,43,318,7,7,5,68,7,10,0,10
InstagramPlatform,com.sm.instagram.platform.city,City,0,9,0,0,0,3,0,2,0,2
InstagramPlatform,com.sm.instagram.platform.city,CityService,42,92,1,1,13,25,2,6,1,6
InstagramPlatform,com.sm.instagram.platform.secrets,ProductionSecretService.SecretSourceStatus,0,3,0,0,0,1,0,1,0,1
InstagramPlatform,com.sm.instagram.platform.secrets,ProductionSecretService,38,532,4,70,10,128,4,57,0,21
InstagramPlatform,com.sm.instagram.platform.common.health,DatabaseHealthIndicator,0,176,2,16,0,49,2,12,0,5
InstagramPlatform,com.sm.instagram.platform.common.health,DiskSpaceHealthIndicator,11,158,0,4,5,32,0,6,0,4
InstagramPlatform,com.sm.instagram.platform.common.health,ApplicationHealthIndicator,59,116,5,5,14,21,5,3,0,3
InstagramPlatform,com.sm.instagram.platform.common.health,HealthConfiguration,27,7,0,0,8,3,2,3,2,3
InstagramPlatform,com.sm.instagram.platform.common.health,LiquibaseHealthIndicator,11,213,4,14,5,54,4,10,0,5
InstagramPlatform,com.sm.instagram.platform.user.dto,DeletionBlockerCategory,0,103,0,0,0,16,0,3,0,3
InstagramPlatform,com.sm.instagram.platform.auth.cache,InMemoryUserCache.CachedUser,0,11,0,2,0,1,0,2,0,1
InstagramPlatform,com.sm.instagram.platform.auth.cache,InMemoryUserCache,0,257,0,32,0,61,0,25,0,9
InstagramPlatform,com.sm.instagram.platform.auth.cache,RedisUserCache,0,315,0,30,0,79,0,22,0,7
InstagramPlatform,com.sm.instagram.platform.common.authorization,BannedUserAuthorizationFilter.BannedErrorResponse,0,24,0,0,0,1,0,1,0,1
InstagramPlatform,com.sm.instagram.platform.common.authorization,AdminCheckRunner,21,411,6,38,5,95,5,22,1,4
InstagramPlatform,com.sm.instagram.platform.common.authorization,FirebaseStartupInitializer,49,33,1,1,14,12,1,2,0,2
InstagramPlatform,com.sm.instagram.platform.common.authorization,Permission,0,27,0,0,0,5,0,1,0,1
InstagramPlatform,com.sm.instagram.platform.common.authorization,JwtAuthenticationFilter,22,907,23,137,6,195,23,71,0,14
InstagramPlatform,com.sm.instagram.platform.common.authorization,UserManagementService,5,205,0,18,2,49,0,13,0,4
InstagramPlatform,com.sm.instagram.platform.common.authorization,FirebaseAuthConfig,70,149,9,9,18,45,8,6,0,5
InstagramPlatform,com.sm.instagram.platform.common.authorization,WebSecurityConfiguration,28,785,0,0,8,72,2,9,2,9
InstagramPlatform,com.sm.instagram.platform.common.authorization,PermissionUtils,18,497,28,118,6,115,27,76,0,30
InstagramPlatform,com.sm.instagram.platform.common.authorization,BannedUserAuthorizationFilter,5,236,4,12,1,39,4,10,0,6
InstagramPlatform,com.sm.instagram.platform.common.security.geoip,RedisGeoLocationCache,152,307,21,19,37,69,15,25,4,16
InstagramPlatform,com.sm.instagram.platform.common.security.geoip,InMemoryGeoLocationCache,116,477,19,41,34,111,19,35,4,20
InstagramPlatform,com.sm.instagram.platform.common.security.geoip,InMemoryGeoLocationCache.CachedLocation,2,13,1,1,0,3,1,2,0,2
InstagramPlatform,com.sm.instagram.platform.common.security.geoip,GeoLocationFacade,129,305,22,24,41,72,19,22,5,13
InstagramPlatform,com.sm.instagram.platform.common.security.geoip,TravelPatternService,23,664,24,76,10,132,23,40,0,13
InstagramPlatform,com.sm.instagram.platform.common.security.geoip,MaxMindDatabaseService,292,148,29,7,65,39,23,10,5,10
InstagramPlatform,com.sm.instagram.platform.storage.health,UploadSystemHealthIndicator,8,300,0,44,2,64,0,28,0,6
InstagramPlatform,com.sm.instagram.platform.support.faq.mappers,FaqMapping,0,85,0,0,0,24,0,7,0,7
InstagramPlatform,com.sm.instagram.platform.common.security,GeoLocation,0,33,0,4,0,10,0,4,0,2
InstagramPlatform,com.sm.instagram.platform.common.security,GeoLocationGdprService,13,876,10,58,4,190,10,37,0,13
InstagramPlatform,com.sm.instagram.platform.common.security,GeoIpStorageService,1049,43,63,3,271,12,53,3,20,3
InstagramPlatform,com.sm.instagram.platform.common.security,TokenEncryptionService,12,237,10,26,3,58,10,15,0,7
InstagramPlatform,com.sm.instagram.platform.common.security,TotpEncryptionService.new TypeReference() {...},0,3,0,0,0,1,0,1,0,1
InstagramPlatform,com.sm.instagram.platform.common.security,TotpEncryptionService.new TypeReference() {...},0,3,0,0,0,1,0,1,0,1
InstagramPlatform,com.sm.instagram.platform.common.security,GeoLocationService,0,2,0,0,0,2,0,2,0,2
InstagramPlatform,com.sm.instagram.platform.common.security,TotpEncryptionService,27,429,1,29,5,89,1,26,0,12
InstagramPlatform,com.sm.instagram.platform.common.security,KMSValidationService,134,509,21,33,32,137,13,26,0,12
InstagramPlatform,com.sm.instagram.platform.common.security,GeoIpStorageService.new TypeReference() {...},3,0,0,0,1,0,1,0,1,0
InstagramPlatform,com.sm.instagram.platform.common.security,GeoLocationGdprController,12,208,3,5,2,48,3,10,0,9
InstagramPlatform,com.sm.instagram.platform.common.security,MaxMindStartupValidator,80,237,21,21,26,50,20,5,0,4
InstagramPlatform,com.sm.instagram.platform.common.safety,TestEnvironmentGuard,31,269,6,64,6,61,6,36,0,7
InstagramPlatform,com.sm.instagram.platform.dictionary,DictionaryController,1,610,3,43,0,118,3,33,0,13
InstagramPlatform,com.sm.instagram.platform.dictionary,DictionaryService,4,198,0,2,4,55,0,9,0,8
InstagramPlatform,com.sm.instagram.platform.common.utils,HashingUtil,0,30,0,6,0,10,0,8,0,5
InstagramPlatform,com.sm.instagram.platform.support.help.models,ContentFormat,0,15,0,0,0,3,0,1,0,1
InstagramPlatform,com.sm.instagram.platform.support.help.models,HelpArticle,0,53,0,0,0,15,0,5,0,5
InstagramPlatform,com.sm.instagram.platform.support.help.models,HelpArticleCategory,0,9,0,0,0,3,0,1,0,1
InstagramPlatform,com.sm.instagram.platform.common.exceptions,NetworkTranslatableException,0,5,0,0,0,2,0,1,0,1
InstagramPlatform,com.sm.instagram.platform.common.exceptions,GlobalDefaultExceptionHandler,301,165,16,10,63,40,14,9,5,5
InstagramPlatform,com.sm.instagram.platform.common.exceptions,ExternalServiceException,0,83,0,0,0,25,0,5,0,5
InstagramPlatform,com.sm.instagram.platform.common.exceptions,StorageTranslatableException,0,5,0,0,0,2,0,1,0,1
InstagramPlatform,com.sm.instagram.platform.common.exceptions,GlobalDefaultExceptionHandler.new BaseExceptionHandler() {...},0,4,0,0,0,1,0,1,0,1
InstagramPlatform,com.sm.instagram.platform.common.exceptions,ResourceNotFoundException,0,15,0,0,0,4,0,2,0,2
InstagramPlatform,com.sm.instagram.platform.common.exceptions,FollowerValidationException,0,16,0,0,0,4,0,2,0,2
InstagramPlatform,com.sm.instagram.platform.common.exceptions,RateLimitTranslatableException,0,5,0,0,0,2,0,1,0,1
InstagramPlatform,com.sm.instagram.platform.common.exceptions,BusinessRuleViolationException,0,52,0,0,0,16,0,4,0,4
InstagramPlatform,com.sm.instagram.platform.common.exceptions,ItemNotFoundException,0,15,0,0,0,4,0,2,0,2
InstagramPlatform,com.sm.instagram.platform.common.exceptions,ValidationTranslatableException,0,5,0,0,0,2,0,1,0,1
InstagramPlatform,com.sm.instagram.platform.common.exceptions,AuthenticationTranslatableException,0,5,0,0,0,2,0,1,0,1
InstagramPlatform,com.sm.instagram.platform.common.exceptions,InsufficientPermissionsException,0,72,0,0,0,24,0,4,0,4
InstagramPlatform,com.sm.instagram.platform.common.exceptions,BaseException,23,0,0,0,7,0,3,0,3,0
InstagramPlatform,com.sm.instagram.platform.common.exceptions,BusinessRuleTranslatableException,0,5,0,0,0,2,0,1,0,1
InstagramPlatform,com.sm.instagram.platform.common.exceptions,TranslatableException,0,15,0,2,0,4,0,2,0,1
InstagramPlatform,com.sm.instagram.platform.common.exceptions,NetworkRetryExhaustedException,33,37,2,2,4,9,2,3,1,2
InstagramPlatform,com.sm.instagram.platform.common.exceptions,RecaptchaValidationException,22,6,0,0,6,2,2,1,2,1
InstagramPlatform,com.sm.instagram.platform.auth.session,SessionData,0,12,0,4,0,1,0,3,0,1
InstagramPlatform,com.sm.instagram.platform.auth.session,SocialAuthSessionService,2,275,2,20,0,58,2,16,0,7
InstagramPlatform,com.sm.instagram.platform.contenttype,ContentTypeService,54,58,1,1,17,16,3,4,2,4
InstagramPlatform,com.sm.instagram.platform.contenttype,ContentTypeController,60,231,9,7,7,52,8,8,0,8
InstagramPlatform,com.sm.instagram.platform.contenttype,ContentTypeConverter,15,56,2,4,1,15,3,6,1,5
InstagramPlatform,com.sm.instagram.platform.contenttype,ContentTypeDto,0,3,0,0,0,1,0,1,0,1
InstagramPlatform,com.sm.instagram.platform.activecooperations,ActiveCooperationController,4,345,2,10,0,63,2,11,0,7
InstagramPlatform,com.sm.instagram.platform.activecooperations,CoopFilter,0,3,0,0,0,1,0,1,0,1
InstagramPlatform,com.sm.instagram.platform.activecooperations,ActiveCooperationService,44,575,1,41,0,116,5,33,4,13
InstagramPlatform,com.sm.instagram.platform.activecooperations,Views,3,0,0,0,1,0,1,0,1,0
InstagramPlatform,com.sm.instagram.platform.activecooperations,CoopDto,0,129,0,0,0,34,0,4,0,4
InstagramPlatform,com.sm.instagram.platform.support.faq.services,FaqCategoryService,101,236,6,8,26,55,11,15,5,14
InstagramPlatform,com.sm.instagram.platform.support.faq.services,FaqService,104,269,5,11,26,55,10,23,6,19
InstagramPlatform,com.sm.instagram.platform.common.redis,RedisValidationService,7,872,3,39,1,205,3,25,0,7
InstagramPlatform,com.sm.instagram.platform.common.validator,ApplicationStartupValidator,22,492,5,57,8,109,5,44,0,14
InstagramPlatform,com.sm.instagram.platform.common.validator,ApplicationStartupValidator.Status,0,33,0,0,0,6,0,1,0,1
InstagramPlatform,com.sm.instagram.platform.common.validator,ApplicationStartupValidator.ServiceStatus,0,47,0,0,0,10,0,6,0,6
InstagramPlatform,com.sm.instagram.platform.address,AddressController,197,908,1,25,31,159,1,34,0,22
InstagramPlatform,com.sm.instagram.platform.address,Address,6,45,4,10,1,11,4,7,0,4
InstagramPlatform,com.sm.instagram.platform.address,AddressMapping,9,142,2,6,0,34,2,11,0,9
InstagramPlatform,com.sm.instagram.platform.address,AddressSourceType,0,21,0,0,0,4,0,1,0,1
InstagramPlatform,com.sm.instagram.platform.address,AddressService,555,1641,128,154,103,345,111,92,18,44
InstagramPlatform,com.sm.instagram.platform.address,AddressCityOnlyDto,0,3,0,0,0,1,0,1,0,1
InstagramPlatform,com.sm.instagram.platform.auth.service,TokenExchangeService.FirebaseRoleValidation,0,18,0,0,0,7,0,1,0,1
InstagramPlatform,com.sm.instagram.platform.auth.service,RegistrationService,37,817,12,62,6,180,13,36,1,11
InstagramPlatform,com.sm.instagram.platform.auth.service,TokenExchangeService.OAuthCookieData,1,22,3,3,0,5,3,2,0,2
InstagramPlatform,com.sm.instagram.platform.auth.service,TokenExchangeService,800,2985,151,208,153,612,119,95,3,30
InstagramPlatform,com.sm.instagram.platform.auth.service,QRCodeGeneratorService,122,252,10,14,26,61,7,16,0,11
InstagramPlatform,com.sm.instagram.platform.auth.service,TwoFactorAuthService,19,581,8,44,5,139,6,35,0,15
InstagramPlatform,com.sm.instagram.platform.auth.service,OAuthCallbackService,48,1196,32,70,9,264,31,33,0,13
InstagramPlatform,com.sm.instagram.platform.auth.service,RecaptchaService,48,288,3,31,14,73,5,21,2,7
InstagramPlatform,com.sm.instagram.platform.auth.service,TokenExchangeService.FirebaseTokenCookieData,1,22,3,3,0,5,3,2,0,2
InstagramPlatform,com.sm.instagram.platform.auth.service,AdminIntegrityChecker,170,86,26,8,36,17,18,2,1,2
InstagramPlatform,com.sm.instagram.platform.auth.service,FirebaseAuthProxyService,1754,576,147,33,325,110,99,12,11,9
InstagramPlatform,com.sm.instagram.platform.auth.service,SessionSecurityService,163,394,56,52,47,91,47,22,2,13
InstagramPlatform,com.sm.instagram.platform.auth.service,ImprovedQRCodeService,58,268,4,14,13,67,4,16,0,11
InstagramPlatform,com.sm.instagram.platform.auth.service,FirebaseAuthProxyService.new TypeReference() {...},0,3,0,0,0,1,0,1,0,1
InstagramPlatform,com.sm.instagram.platform.auth.service,FirebaseAuthProxyService.new ParameterizedTypeReference() {...},3,0,0,0,1,0,1,0,1,0
InstagramPlatform,com.sm.instagram.platform.auth.service,FirebaseAuthProxyService.new ParameterizedTypeReference() {...},3,0,0,0,1,0,1,0,1,0
InstagramPlatform,com.sm.instagram.platform.auth.service,FirebaseAuthProxyService.new ParameterizedTypeReference() {...},3,0,0,0,1,0,1,0,1,0
InstagramPlatform,com.sm.instagram.platform.auth.service,FirebaseAuthProxyService.new ParameterizedTypeReference() {...},3,0,0,0,1,0,1,0,1,0
InstagramPlatform,com.sm.instagram.platform.auth.service,FirebaseAuthProxyService.new ParameterizedTypeReference() {...},3,0,0,0,1,0,1,0,1,0
InstagramPlatform,com.sm.instagram.platform.common.base,BaseService,172,435,21,35,39,99,19,40,5,26
InstagramPlatform,com.sm.instagram.platform.common.base,BaseController,60,538,0,6,10,91,0,11,0,8
InstagramPlatform,com.sm.instagram.platform.common.base,UpdaterTracking,0,4,0,0,0,2,0,1,0,1
InstagramPlatform,com.sm.instagram.platform.servicetype,ServiceTypeConverter,0,28,0,0,0,5,0,4,0,4
InstagramPlatform,com.sm.instagram.platform.servicetype,ServiceTypeController,11,356,1,23,1,73,1,20,0,9
InstagramPlatform,com.sm.instagram.platform.servicetype,ServiceTypeService,72,55,1,1,15,12,3,4,2,4
InstagramPlatform,com.sm.instagram.platform.servicetype,ServiceTypeMapper,0,16,0,0,0,4,0,3,0,3
InstagramPlatform,com.sm.instagram.platform.servicetype,ServiceTypeDto,0,3,0,0,0,1,0,1,0,1
InstagramPlatform,com.sm.instagram.platform.storage.controller,FileUploadController,99,494,15,23,19,115,11,15,0,7
InstagramPlatform,com.sm.instagram.platform.storage.controller,UploadAdminController,0,553,0,20,0,120,0,20,0,10
InstagramPlatform,com.sm.instagram.platform.storage.controller,FileManagementController,100,923,17,69,21,186,18,35,1,9
InstagramPlatform,com.sm.instagram.platform.storage.controller,WebhookController,11,369,5,41,5,83,5,27,0,8
InstagramPlatform,com.sm.instagram.platform.support.ticket,SupportTicketController,1,547,1,17,0,107,1,19,0,11
InstagramPlatform,com.sm.instagram.platform.usersocialconnection,UserSocialConnectionController,71,11,2,0,13,4,3,2,2,2
InstagramPlatform,com.sm.instagram.platform.usersocialconnection,ConnectionStatus,0,21,0,0,0,4,0,1,0,1
InstagramPlatform,com.sm.instagram.platform.usersocialconnection,UserSocialConnectionDtoOut,0,9,0,0,0,3,0,1,0,1
InstagramPlatform,com.sm.instagram.platform.usersocialconnection,UserSocialConnectionDtoIn,0,3,0,0,0,1,0,1,0,1
InstagramPlatform,com.sm.instagram.platform.usersocialconnection,UserSocialConnectionService,551,240,35,11,95,47,39,15,20,11
InstagramPlatform,com.sm.instagram.platform.usersocialconnection,UserSocialConnection,21,50,7,7,5,15,7,6,0,3
InstagramPlatform,com.sm.instagram.platform.usersocialconnection,UserSocialConnectionMapping,0,53,0,0,0,18,0,4,0,4
